[2026-02-17 15:57:28] This is codeql database index-files --include-extension=.yaml --include-extension=.yml --size-limit=5m --language yaml -- /home/s-samadi/repos/github/quick-api-publish-demo/codeql-db
[2026-02-17 15:57:28] Log file was started late.
[2026-02-17 15:57:28] Using index-files script /home/s-samadi/.local/share/codeql/yaml/tools/index-files.sh.
[2026-02-17 15:57:28] [PROGRESS] database index-files> Scanning for files in /home/s-samadi/repos/github/quick-api-publish-demo...
[2026-02-17 15:57:28] Calling plumbing command: codeql resolve files --include-extension=.yaml --include-extension=.yml --size-limit=5m /home/s-samadi/repos/github/quick-api-publish-demo --format=json
[2026-02-17 15:57:28] [PROGRESS] resolve files> Scanning /home/s-samadi/repos/github/quick-api-publish-demo...
[2026-02-17 15:57:28] [PROGRESS] resolve files> Scanning /home/s-samadi/repos/github/quick-api-publish-demo/codeql-db...
[2026-02-17 15:57:28] [PROGRESS] resolve files> Scanning /home/s-samadi/repos/github/quick-api-publish-demo/codeql-db/log...
[2026-02-17 15:57:28] [PROGRESS] resolve files> Scanning /home/s-samadi/repos/github/quick-api-publish-demo/codeql-db/working...
[2026-02-17 15:57:28] [PROGRESS] resolve files> Scanning /home/s-samadi/repos/github/quick-api-publish-demo/codeql-db/working/trap_cache...
[2026-02-17 15:57:28] [PROGRESS] resolve files> Scanning /home/s-samadi/repos/github/quick-api-publish-demo/codeql-db/working/trap_cache/1...
[2026-02-17 15:57:28] [PROGRESS] resolve files> Scanning /home/s-samadi/repos/github/quick-api-publish-demo/codeql-db/diagnostic...
[2026-02-17 15:57:28] [PROGRESS] resolve files> Scanning /home/s-samadi/repos/github/quick-api-publish-demo/codeql-db/diagnostic/extractors...
[2026-02-17 15:57:28] [PROGRESS] resolve files> Scanning /home/s-samadi/repos/github/quick-api-publish-demo/codeql-db/diagnostic/extractors/python...
[2026-02-17 15:57:28] [PROGRESS] resolve files> Scanning /home/s-samadi/repos/github/quick-api-publish-demo/codeql-db/diagnostic/tracer...
[2026-02-17 15:57:28] [PROGRESS] resolve files> Scanning /home/s-samadi/repos/github/quick-api-publish-demo/codeql-db/trap...
[2026-02-17 15:57:28] [PROGRESS] resolve files> Scanning /home/s-samadi/repos/github/quick-api-publish-demo/codeql-db/trap/python...
[2026-02-17 15:57:28] [PROGRESS] resolve files> Scanning /home/s-samadi/repos/github/quick-api-publish-demo/codeql-db/src...
[2026-02-17 15:57:28] [PROGRESS] resolve files> Scanning /home/s-samadi/repos/github/quick-api-publish-demo/codeql-db/src/home...
[2026-02-17 15:57:28] [PROGRESS] resolve files> Scanning /home/s-samadi/repos/github/quick-api-publish-demo/codeql-db/src/home/s-samadi...
[2026-02-17 15:57:28] [PROGRESS] resolve files> Scanning /home/s-samadi/repos/github/quick-api-publish-demo/codeql-db/src/home/s-samadi/repos...
[2026-02-17 15:57:28] [PROGRESS] resolve files> Scanning /home/s-samadi/repos/github/quick-api-publish-demo/codeql-db/src/home/s-samadi/repos/github...
[2026-02-17 15:57:28] [PROGRESS] resolve files> Scanning /home/s-samadi/repos/github/quick-api-publish-demo/codeql-db/src/home/s-samadi/repos/github/quick-api-publish-demo...
[2026-02-17 15:57:28] [PROGRESS] resolve files> Scanning /home/s-samadi/repos/github/quick-api-publish-demo/codeql-db/src/home/s-samadi/repos/github/quick-api-publish-demo/app...
[2026-02-17 15:57:28] [PROGRESS] resolve files> Scanning /home/s-samadi/repos/github/quick-api-publish-demo/codeql-db/src/home/s-samadi/repos/github/quick-api-publish-demo/quickapi...
[2026-02-17 15:57:28] [PROGRESS] resolve files> Scanning /home/s-samadi/repos/github/quick-api-publish-demo/app...
[2026-02-17 15:57:28] [PROGRESS] resolve files> Scanning /home/s-samadi/repos/github/quick-api-publish-demo/.git...
[2026-02-17 15:57:28] [PROGRESS] resolve files> Scanning /home/s-samadi/repos/github/quick-api-publish-demo/.git/info...
[2026-02-17 15:57:28] [PROGRESS] resolve files> Scanning /home/s-samadi/repos/github/quick-api-publish-demo/.git/refs...
[2026-02-17 15:57:28] [PROGRESS] resolve files> Scanning /home/s-samadi/repos/github/quick-api-publish-demo/.git/refs/tags...
[2026-02-17 15:57:28] [PROGRESS] resolve files> Scanning /home/s-samadi/repos/github/quick-api-publish-demo/.git/refs/remotes...
[2026-02-17 15:57:28] [PROGRESS] resolve files> Scanning /home/s-samadi/repos/github/quick-api-publish-demo/.git/refs/remotes/origin...
[2026-02-17 15:57:28] [PROGRESS] resolve files> Scanning /home/s-samadi/repos/github/quick-api-publish-demo/.git/refs/heads...
[2026-02-17 15:57:28] [PROGRESS] resolve files> Scanning /home/s-samadi/repos/github/quick-api-publish-demo/.git/objects...
[2026-02-17 15:57:28] [PROGRESS] resolve files> Scanning /home/s-samadi/repos/github/quick-api-publish-demo/.git/objects/94...
[2026-02-17 15:57:28] [PROGRESS] resolve files> Scanning /home/s-samadi/repos/github/quick-api-publish-demo/.git/objects/1f...
[2026-02-17 15:57:28] [PROGRESS] resolve files> Scanning /home/s-samadi/repos/github/quick-api-publish-demo/.git/objects/6b...
[2026-02-17 15:57:28] [PROGRESS] resolve files> Scanning /home/s-samadi/repos/github/quick-api-publish-demo/.git/objects/a5...
[2026-02-17 15:57:28] [PROGRESS] resolve files> Scanning /home/s-samadi/repos/github/quick-api-publish-demo/.git/objects/info...
[2026-02-17 15:57:28] [PROGRESS] resolve files> Scanning /home/s-samadi/repos/github/quick-api-publish-demo/.git/objects/b6...
[2026-02-17 15:57:28] [PROGRESS] resolve files> Scanning /home/s-samadi/repos/github/quick-api-publish-demo/.git/objects/e6...
[2026-02-17 15:57:28] [PROGRESS] resolve files> Scanning /home/s-samadi/repos/github/quick-api-publish-demo/.git/objects/c9...
[2026-02-17 15:57:28] [PROGRESS] resolve files> Scanning /home/s-samadi/repos/github/quick-api-publish-demo/.git/objects/a9...
[2026-02-17 15:57:28] [PROGRESS] resolve files> Scanning /home/s-samadi/repos/github/quick-api-publish-demo/.git/objects/5a...
[2026-02-17 15:57:28] [PROGRESS] resolve files> Scanning /home/s-samadi/repos/github/quick-api-publish-demo/.git/objects/e9...
[2026-02-17 15:57:28] [PROGRESS] resolve files> Scanning /home/s-samadi/repos/github/quick-api-publish-demo/.git/objects/33...
[2026-02-17 15:57:28] [PROGRESS] resolve files> Scanning /home/s-samadi/repos/github/quick-api-publish-demo/.git/objects/f5...
[2026-02-17 15:57:28] [PROGRESS] resolve files> Scanning /home/s-samadi/repos/github/quick-api-publish-demo/.git/objects/44...
[2026-02-17 15:57:28] [PROGRESS] resolve files> Scanning /home/s-samadi/repos/github/quick-api-publish-demo/.git/objects/79...
[2026-02-17 15:57:28] [PROGRESS] resolve files> Scanning /home/s-samadi/repos/github/quick-api-publish-demo/.git/objects/4a...
[2026-02-17 15:57:28] [PROGRESS] resolve files> Scanning /home/s-samadi/repos/github/quick-api-publish-demo/.git/objects/a3...
[2026-02-17 15:57:28] [PROGRESS] resolve files> Scanning /home/s-samadi/repos/github/quick-api-publish-demo/.git/objects/f7...
[2026-02-17 15:57:28] [PROGRESS] resolve files> Scanning /home/s-samadi/repos/github/quick-api-publish-demo/.git/objects/d4...
[2026-02-17 15:57:28] [PROGRESS] resolve files> Scanning /home/s-samadi/repos/github/quick-api-publish-demo/.git/objects/5b...
[2026-02-17 15:57:28] [PROGRESS] resolve files> Scanning /home/s-samadi/repos/github/quick-api-publish-demo/.git/objects/ee...
[2026-02-17 15:57:28] [PROGRESS] resolve files> Scanning /home/s-samadi/repos/github/quick-api-publish-demo/.git/objects/2f...
[2026-02-17 15:57:28] [PROGRESS] resolve files> Scanning /home/s-samadi/repos/github/quick-api-publish-demo/.git/objects/f8...
[2026-02-17 15:57:28] [PROGRESS] resolve files> Scanning /home/s-samadi/repos/github/quick-api-publish-demo/.git/objects/pack...
[2026-02-17 15:57:28] [PROGRESS] resolve files> Scanning /home/s-samadi/repos/github/quick-api-publish-demo/.git/objects/d8...
[2026-02-17 15:57:28] [PROGRESS] resolve files> Scanning /home/s-samadi/repos/github/quick-api-publish-demo/.git/objects/2a...
[2026-02-17 15:57:28] [PROGRESS] resolve files> Scanning /home/s-samadi/repos/github/quick-api-publish-demo/.git/objects/83...
[2026-02-17 15:57:28] [PROGRESS] resolve files> Scanning /home/s-samadi/repos/github/quick-api-publish-demo/.git/branches...
[2026-02-17 15:57:28] [PROGRESS] resolve files> Scanning /home/s-samadi/repos/github/quick-api-publish-demo/.git/logs...
[2026-02-17 15:57:28] [PROGRESS] resolve files> Scanning /home/s-samadi/repos/github/quick-api-publish-demo/.git/logs/refs...
[2026-02-17 15:57:28] [PROGRESS] resolve files> Scanning /home/s-samadi/repos/github/quick-api-publish-demo/.git/logs/refs/remotes...
[2026-02-17 15:57:28] [PROGRESS] resolve files> Scanning /home/s-samadi/repos/github/quick-api-publish-demo/.git/logs/refs/remotes/origin...
[2026-02-17 15:57:28] [PROGRESS] resolve files> Scanning /home/s-samadi/repos/github/quick-api-publish-demo/.git/logs/refs/heads...
[2026-02-17 15:57:28] [PROGRESS] resolve files> Scanning /home/s-samadi/repos/github/quick-api-publish-demo/.git/hooks...
[2026-02-17 15:57:28] [PROGRESS] resolve files> Scanning /home/s-samadi/repos/github/quick-api-publish-demo/quickapi...
[2026-02-17 15:57:28] [PROGRESS] resolve files> Scanning /home/s-samadi/repos/github/quick-api-publish-demo/.github...
[2026-02-17 15:57:28] [PROGRESS] resolve files> Scanning /home/s-samadi/repos/github/quick-api-publish-demo/.github/workflows...
[2026-02-17 15:57:28] [PROGRESS] resolve files> Scanning /home/s-samadi/repos/github/quick-api-publish-demo/.github/codeql...
[2026-02-17 15:57:28] [PROGRESS] resolve files> Scanning /home/s-samadi/repos/github/quick-api-publish-demo/.github/codeql/extensions...
[2026-02-17 15:57:28] Plumbing command codeql resolve files completed:
                      [
                        "/home/s-samadi/repos/github/quick-api-publish-demo/.github/workflows/publish-codeql-pack.yml",
                        "/home/s-samadi/repos/github/quick-api-publish-demo/codeql-db/codeql-database.yml"
                      ]
[2026-02-17 15:57:28] [DETAILS] database index-files> Found 2 files.
[2026-02-17 15:57:28] [PROGRESS] database index-files> /home/s-samadi/repos/github/quick-api-publish-demo/codeql-db: Indexing files in in /home/s-samadi/repos/github/quick-api-publish-demo...
[2026-02-17 15:57:28] Using index-files script /home/s-samadi/.local/share/codeql/yaml/tools/index-files.sh.
[2026-02-17 15:57:28] [PROGRESS] database index-files> Running command in /home/s-samadi/repos/github/quick-api-publish-demo: [/home/s-samadi/.local/share/codeql/yaml/tools/index-files.sh, /home/s-samadi/repos/github/quick-api-publish-demo/codeql-db/working/files-to-index761039743760543336.list]
[2026-02-17 15:57:29] Terminating normally.
