[2026-02-17 15:57:26] This is codeql database create codeql-db --language=python --source-root=. --overwrite
[2026-02-17 15:57:26] Log file was started late.
[2026-02-17 15:57:26] [PROGRESS] database create> Initializing database at /home/s-samadi/repos/github/quick-api-publish-demo/codeql-db.
[2026-02-17 15:57:26] Running plumbing command: codeql database init --overwrite --language=python --extractor-options-verbosity=1 --qlconfig-file=/home/s-samadi/repos/github/quick-api-publish-demo/qlconfig.yml --source-root=/home/s-samadi/repos/github/quick-api-publish-demo --allow-missing-source-root=false --allow-already-existing -- /home/s-samadi/repos/github/quick-api-publish-demo/codeql-db
[2026-02-17 15:57:26] Calling plumbing command: codeql resolve languages --extractor-options-verbosity=1 --format=betterjson
[2026-02-17 15:57:27] [DETAILS] resolve languages> Scanning for [codeql-extractor.yml] from /home/s-samadi/.local/share/codeql/.codeqlmanifest.json
[2026-02-17 15:57:27] [DETAILS] resolve languages> Parsing /home/s-samadi/.local/share/codeql/csharp/codeql-extractor.yml.
[2026-02-17 15:57:27] [DETAILS] resolve languages> Parsing /home/s-samadi/.local/share/codeql/xml/codeql-extractor.yml.
[2026-02-17 15:57:27] [DETAILS] resolve languages> Parsing /home/s-samadi/.local/share/codeql/go/codeql-extractor.yml.
[2026-02-17 15:57:27] [DETAILS] resolve languages> Parsing /home/s-samadi/.local/share/codeql/csv/codeql-extractor.yml.
[2026-02-17 15:57:27] [DETAILS] resolve languages> Parsing /home/s-samadi/.local/share/codeql/java/codeql-extractor.yml.
[2026-02-17 15:57:27] [DETAILS] resolve languages> Parsing /home/s-samadi/.local/share/codeql/cpp/codeql-extractor.yml.
[2026-02-17 15:57:27] [DETAILS] resolve languages> Parsing /home/s-samadi/.local/share/codeql/javascript/codeql-extractor.yml.
[2026-02-17 15:57:27] [DETAILS] resolve languages> Parsing /home/s-samadi/.local/share/codeql/swift/codeql-extractor.yml.
[2026-02-17 15:57:27] [DETAILS] resolve languages> Parsing /home/s-samadi/.local/share/codeql/rust/codeql-extractor.yml.
[2026-02-17 15:57:27] [DETAILS] resolve languages> Parsing /home/s-samadi/.local/share/codeql/python/codeql-extractor.yml.
[2026-02-17 15:57:27] [DETAILS] resolve languages> Parsing /home/s-samadi/.local/share/codeql/html/codeql-extractor.yml.
[2026-02-17 15:57:27] [DETAILS] resolve languages> Parsing /home/s-samadi/.local/share/codeql/ruby/codeql-extractor.yml.
[2026-02-17 15:57:27] [DETAILS] resolve languages> Parsing /home/s-samadi/.local/share/codeql/yaml/codeql-extractor.yml.
[2026-02-17 15:57:27] [DETAILS] resolve languages> Parsing /home/s-samadi/.local/share/codeql/actions/codeql-extractor.yml.
[2026-02-17 15:57:27] [DETAILS] resolve languages> Parsing /home/s-samadi/.local/share/codeql/properties/codeql-extractor.yml.
[2026-02-17 15:57:27] Plumbing command codeql resolve languages completed:
                      {
                        "aliases" : {
                          "c" : "cpp",
                          "c++" : "cpp",
                          "c-c++" : "cpp",
                          "c-cpp" : "cpp",
                          "c#" : "csharp",
                          "java-kotlin" : "java",
                          "kotlin" : "java",
                          "javascript-typescript" : "javascript",
                          "typescript" : "javascript"
                        },
                        "extractors" : {
                          "csharp" : [
                            {
                              "extractor_root" : "/home/s-samadi/.local/share/codeql/csharp",
                              "extractor_options" : {
                                "trap" : {
                                  "title" : "Options pertaining to TRAP.",
                                  "description" : "Options pertaining to TRAP.",
                                  "type" : "object",
                                  "properties" : {
                                    "compression" : {
                                      "title" : "Controls compression for the TRAP files written by the extractor.",
                                      "description" : "This option is only intended for use in debugging the extractor. Accepted values are 'brotli' (the default, to write brotli-compressed TRAP), 'gzip', and 'none' (to write uncompressed TRAP).\n",
                                      "type" : "string",
                                      "pattern" : "^(none|gzip|brotli)$"
                                    }
                                  }
                                },
                                "buildless" : {
                                  "title" : "DEPRECATED - Whether to use buildless (standalone) extraction.",
                                  "description" : "DEPRECATED: Use `--build-mode none` instead.\nA value indicating, which type of extraction the autobuilder should perform. If 'true', then the standalone extractor will be used, otherwise tracing extraction will be performed. The default is 'false'. Note that buildless extraction will generally yield less accurate analysis results, and should only be used in cases where it is not possible to build the code (for example if it uses inaccessible dependencies).\n",
                                  "type" : "string",
                                  "pattern" : "^(false|true)$"
                                },
                                "logging" : {
                                  "title" : "Options pertaining to logging.",
                                  "description" : "Options pertaining to logging.",
                                  "type" : "object",
                                  "properties" : {
                                    "verbosity" : {
                                      "title" : "Extractor logging verbosity level.",
                                      "description" : "Controls the level of verbosity of the extractor. The supported levels are (in order of increasing verbosity):\n  - off\n  - errors\n  - warnings\n  - info or progress\n  - debug or progress+\n  - trace or progress++\n  - progress+++\n",
                                      "type" : "string",
                                      "pattern" : "^(off|errors|warnings|(info|progress)|(debug|progress\\+)|(trace|progress\\+\\+)|progress\\+\\+\\+)$"
                                    }
                                  }
                                },
                                "binlog" : {
                                  "title" : "Binlog",
                                  "description" : "[EXPERIMENTAL] The value is a path to the MsBuild binary log file that should be extracted. This option only works when `--build-mode none` is also specified.\n",
                                  "type" : "array"
                                },
                                "buildless_dependency_dir" : {
                                  "title" : "The path where buildless (standalone) extraction should keep dependencies.",
                                  "description" : "If set, the buildless (standalone) extractor will store dependencies in this directory.\n",
                                  "type" : "string"
                                }
                              }
                            }
                          ],
                          "xml" : [
                            {
                              "extractor_root" : "/home/s-samadi/.local/share/codeql/xml"
                            }
                          ],
                          "go" : [
                            {
                              "extractor_root" : "/home/s-samadi/.local/share/codeql/go",
                              "extractor_options" : {
                                "extract_tests" : {
                                  "title" : "Whether to include Go test files in the CodeQL database.",
                                  "description" : "A value indicating whether Go test files should be included in the CodeQL database. The default is 'false'.\n",
                                  "type" : "string",
                                  "pattern" : "^(false|true)$"
                                },
                                "extract_vendor_dirs" : {
                                  "title" : "Whether to include Go vendor directories in the CodeQL database.",
                                  "description" : "A value indicating whether Go vendor directories should be included in the CodeQL database. The default is 'false'.\n",
                                  "type" : "string",
                                  "pattern" : "^(false|true)$"
                                }
                              }
                            }
                          ],
                          "csv" : [
                            {
                              "extractor_root" : "/home/s-samadi/.local/share/codeql/csv"
                            }
                          ],
                          "java" : [
                            {
                              "extractor_root" : "/home/s-samadi/.local/share/codeql/java",
                              "extractor_options" : {
                                "exclude" : {
                                  "title" : "A glob excluding files from analysis.",
                                  "description" : "A glob indicating what files to exclude from the analysis. This accepts glob patterns that are supported by Java's 'getPathMatcher' implementation.\n",
                                  "type" : "string"
                                },
                                "add_prefer_source" : {
                                  "title" : "Whether to always prefer source files over class files.",
                                  "description" : "A value indicating whether source files should be preferred over class files. If set to 'true', the extraction adds '-Xprefer:source' to the javac command line. If set to 'false', the extraction uses the default javac behavior ('-Xprefer:newer'). The default is 'true'.\n",
                                  "type" : "string",
                                  "pattern" : "^(false|true)$"
                                },
                                "buildless" : {
                                  "title" : "Whether to use buildless (standalone) extraction (experimental).",
                                  "description" : "A value indicating, which type of extraction the autobuilder should perform. If 'true', then the standalone extractor will be used, otherwise tracing extraction will be performed. The default is 'false'. Note that buildless extraction will generally yield less accurate analysis results, and should only be used in cases where it is not possible to build the code (for example if it uses inaccessible dependencies).\n",
                                  "type" : "string",
                                  "pattern" : "^(false|true)$"
                                },
                                "buildless_dependency_dir" : {
                                  "title" : "The path where buildless (standalone) extraction should keep dependencies.",
                                  "description" : "If set, the buildless (standalone) extractor will store dependencies in this directory.\n",
                                  "type" : "string"
                                },
                                "minimize_dependency_jars" : {
                                  "title" : "Whether to rewrite and minimize downloaded JAR dependencies (experimental).",
                                  "description" : "If 'true', JAR dependencies downloaded during extraction will be rewritten to remove unneeded data, such as method bodies. The default is 'false'.\n",
                                  "type" : "string",
                                  "pattern" : "^(false|true)$"
                                }
                              }
                            }
                          ],
                          "cpp" : [
                            {
                              "extractor_root" : "/home/s-samadi/.local/share/codeql/cpp",
                              "extractor_options" : {
                                "scale_timeouts" : {
                                  "title" : "Value to scale compiler introspection timeouts with",
                                  "description" : "The extractor attempts to determine what compiler the source code being extracted is compiled with. To this end the extractor makes additional calls to the compiler, some of which are expected to return within a certain fixed time (either 10s or 15s). On some systems that are under high load this time might be too short, and can be scaled up using this option.\n",
                                  "type" : "string",
                                  "pattern" : "[0-9]+"
                                },
                                "log_verbosity" : {
                                  "title" : "Verbosity of the extractor logging",
                                  "description" : "Set the verbosity of the extractor logging to 'quiet' (0), 'normal' (1), 'chatty' (2), or 'noisy' (3). The default is 'normal'.\n",
                                  "type" : "string",
                                  "pattern" : "[0-3]"
                                }
                              }
                            }
                          ],
                          "javascript" : [
                            {
                              "extractor_root" : "/home/s-samadi/.local/share/codeql/javascript",
                              "extractor_options" : {
                                "skip_types" : {
                                  "title" : "Skip type extraction for TypeScript",
                                  "description" : "Whether to skip the extraction of types in a TypeScript application",
                                  "type" : "string",
                                  "pattern" : "^(false|true)$"
                                }
                              }
                            }
                          ],
                          "swift" : [
                            {
                              "extractor_root" : "/home/s-samadi/.local/share/codeql/swift"
                            }
                          ],
                          "rust" : [
                            {
                              "extractor_root" : "/home/s-samadi/.local/share/codeql/rust",
                              "extractor_options" : {
                                "trap" : {
                                  "title" : "Options pertaining to TRAP.",
                                  "description" : "Options pertaining to TRAP.",
                                  "type" : "object",
                                  "properties" : {
                                    "compression" : {
                                      "title" : "Controls compression for the TRAP files written by the extractor.",
                                      "description" : "This option is only intended for use in debugging the extractor. Accepted values are 'gzip' (to write gzip-compressed TRAP) 'zstd' (to write Zstandard-compressed TRAP) and 'none' (the default, to write uncompressed TRAP).\n",
                                      "type" : "string",
                                      "pattern" : "^(none|gzip|zstd)$"
                                    }
                                  }
                                },
                                "cargo_target_dir" : {
                                  "title" : "Directory to use for cargo output files.",
                                  "description" : "This value is an optional path to use as `CARGO_TARGET_DIR` for the internal cargo commands the extractor uses. Pointing it to a persistent directory may reduce execution time of consecutive extractor runs. By default, a new scratch directory is used for each run.\n",
                                  "type" : "string"
                                },
                                "cargo_target" : {
                                  "title" : "Target architecture",
                                  "description" : "Target architecture to use for analysis, analogous to `cargo --target`. By default the host architecture is used.\n",
                                  "type" : "string"
                                },
                                "cargo_features" : {
                                  "title" : "Cargo features to turn on",
                                  "description" : "Comma-separated list of features to turn on. By default all features are enabled. If any features are specified, then only those features are enabled. The `default` feature must be explicitly specified if only default features are desired. Can be repeated.\n",
                                  "type" : "array"
                                },
                                "cargo_cfg_overrides" : {
                                  "title" : "Cargo cfg overrides",
                                  "description" : "Comma-separated list of cfg settings to enable, or disable if prefixed with `-`. Can be repeated.\n",
                                  "type" : "array"
                                },
                                "logging" : {
                                  "title" : "Options pertaining to logging.",
                                  "description" : "Options pertaining to logging.",
                                  "type" : "object",
                                  "properties" : {
                                    "verbosity" : {
                                      "title" : "Extractor logging verbosity level.",
                                      "description" : "Controls the level of verbosity of the extractor. The supported levels are (in order of increasing verbosity):\n  - off\n  - errors\n  - warnings\n  - info or progress\n  - debug or progress+\n  - trace or progress++\n  - progress+++\n",
                                      "type" : "string",
                                      "pattern" : "^(off|errors|warnings|(info|progress)|(debug|progress\\+)|(trace|progress\\+\\+)|progress\\+\\+\\+)$"
                                    },
                                    "flamegraph" : {
                                      "title" : "[Experimental] File path for write flame graph log",
                                      "description" : "Collect flame graph data using the `tracing-flame` crate. To render a flame graph or chart, run the `inferno-flamegraph` command. See also: https://crates.io/crates/tracing-flame\n",
                                      "type" : "string"
                                    }
                                  }
                                },
                                "extract_dependencies_as_source" : {
                                  "title" : "Extract dependencies as source code",
                                  "description" : "Extract the full source code of dependencies instead of only extracting signatures.\n",
                                  "type" : "string",
                                  "pattern" : "^(false|true)$"
                                }
                              }
                            }
                          ],
                          "python" : [
                            {
                              "extractor_root" : "/home/s-samadi/.local/share/codeql/python",
                              "extractor_options" : {
                                "logging" : {
                                  "title" : "Options pertaining to logging.",
                                  "description" : "Options pertaining to logging.",
                                  "type" : "object",
                                  "properties" : {
                                    "verbosity" : {
                                      "title" : "Python extractor logging verbosity level.",
                                      "description" : "Controls the level of verbosity of the CodeQL Python extractor.\nThe supported levels are (in order of increasing verbosity):\n\n  - off\n  - errors\n  - warnings\n  - info or progress\n  - debug or progress+\n  - trace or progress++\n  - progress+++\n",
                                      "type" : "string",
                                      "pattern" : "^(off|errors|warnings|(info|progress)|(debug|progress\\+)|(trace|progress\\+\\+)|progress\\+\\+\\+)$"
                                    }
                                  }
                                },
                                "python_executable_name" : {
                                  "title" : "Controls the name of the Python executable used by the Python extractor.",
                                  "description" : "The Python extractor uses platform-dependent heuristics to determine the name of the Python executable to use. Specifying a value for this option overrides the name of the Python executable used by the extractor. Accepted values are py, python and python3. Use this setting with caution, the Python extractor requires Python 3 to run.\n",
                                  "type" : "string",
                                  "pattern" : "^(py|python|python3)$"
                                }
                              }
                            }
                          ],
                          "html" : [
                            {
                              "extractor_root" : "/home/s-samadi/.local/share/codeql/html"
                            }
                          ],
                          "ruby" : [
                            {
                              "extractor_root" : "/home/s-samadi/.local/share/codeql/ruby",
                              "extractor_options" : {
                                "trap" : {
                                  "title" : "Options pertaining to TRAP.",
                                  "description" : "Options pertaining to TRAP.",
                                  "type" : "object",
                                  "properties" : {
                                    "compression" : {
                                      "title" : "Controls compression for the TRAP files written by the extractor.",
                                      "description" : "This option is only intended for use in debugging the extractor. Accepted values are 'gzip' (the default, to write gzip-compressed TRAP) 'zstd' (to write Zstandard-compressed TRAP) and 'none' (to write uncompressed TRAP).\n",
                                      "type" : "string",
                                      "pattern" : "^(none|gzip|zstd)$"
                                    }
                                  }
                                }
                              }
                            }
                          ],
                          "yaml" : [
                            {
                              "extractor_root" : "/home/s-samadi/.local/share/codeql/yaml"
                            }
                          ],
                          "actions" : [
                            {
                              "extractor_root" : "/home/s-samadi/.local/share/codeql/actions",
                              "extractor_options" : { }
                            }
                          ],
                          "properties" : [
                            {
                              "extractor_root" : "/home/s-samadi/.local/share/codeql/properties"
                            }
                          ]
                        }
                      }
[2026-02-17 15:57:27] [PROGRESS] database init> Calculating baseline information in /home/s-samadi/repos/github/quick-api-publish-demo
[2026-02-17 15:57:27] [SPAMMY] database init> Ignoring the following directories when processing baseline information: .git, .hg, .svn.
[2026-02-17 15:57:27] [DETAILS] database init> Running command in /home/s-samadi/repos/github/quick-api-publish-demo: /home/s-samadi/.local/share/codeql/tools/linux64/scc --by-file --exclude-dir .git,.hg,.svn --format json --no-large --no-min .
[2026-02-17 15:57:27] Using configure-baseline script /home/s-samadi/.local/share/codeql/actions/tools/configure-baseline.sh.
[2026-02-17 15:57:27] [PROGRESS] database init> Running command in /home/s-samadi/repos/github/quick-api-publish-demo: [/home/s-samadi/.local/share/codeql/actions/tools/configure-baseline.sh]
[2026-02-17 15:57:27] [SPAMMY] database init> Found 12 baseline files for python.
[2026-02-17 15:57:27] [SPAMMY] database init> Found 1 baseline files for actions.
[2026-02-17 15:57:27] [PROGRESS] database init> Calculated baseline information for languages: actions, python (55ms).
[2026-02-17 15:57:27] [PROGRESS] database init> Resolving extractor python.
[2026-02-17 15:57:27] [DETAILS] database init> Found candidate extractor root for python: /home/s-samadi/.local/share/codeql/python.
[2026-02-17 15:57:27] [PROGRESS] database init> Successfully loaded extractor Python (python) from /home/s-samadi/.local/share/codeql/python.
[2026-02-17 15:57:27] [PROGRESS] database init> Created skeleton CodeQL database at /home/s-samadi/repos/github/quick-api-publish-demo/codeql-db. This in-progress database is ready to be populated by an extractor.
[2026-02-17 15:57:27] Plumbing command codeql database init completed.
[2026-02-17 15:57:27] [PROGRESS] database create> Running build command: []
[2026-02-17 15:57:27] Running plumbing command: codeql database trace-command --working-dir=/home/s-samadi/repos/github/quick-api-publish-demo --index-traceless-dbs --no-db-cluster -- /home/s-samadi/repos/github/quick-api-publish-demo/codeql-db
[2026-02-17 15:57:27] Using autobuild script /home/s-samadi/.local/share/codeql/python/tools/autobuild.sh.
[2026-02-17 15:57:27] [PROGRESS] database trace-command> Running command in /home/s-samadi/repos/github/quick-api-publish-demo: [/home/s-samadi/.local/share/codeql/python/tools/autobuild.sh]
[2026-02-17 15:57:27] [build-stderr] /bin/sh: 1: python2: not found
[2026-02-17 15:57:27] [build-stdout] Source root appears to be the real root.
[2026-02-17 15:57:27] [build-stdout] Will try to guess Python version, as it was not specified in `lgtm.yml`
[2026-02-17 15:57:27] [build-stdout] Trying to guess Python version based on Trove classifiers in setup.py
[2026-02-17 15:57:27] [build-stdout] Found no Trove classifiers for Python in setup.py
[2026-02-17 15:57:27] [build-stdout] Trying to guess Python version based on travis file
[2026-02-17 15:57:27] [build-stdout] Did not find any travis files (expected them at either ['/home/s-samadi/repos/github/quick-api-publish-demo/.travis.yml', '/home/s-samadi/repos/github/quick-api-publish-demo/travis.yml'])
[2026-02-17 15:57:27] [build-stdout] Trying to guess Python version based on installed versions
[2026-02-17 15:57:27] [build-stdout] Wanted to run Python 2, but it is not available. Using Python 3 instead
[2026-02-17 15:57:27] [build-stdout] This script is running Python 3, but Python 2 is also available (as 'python3')
[2026-02-17 15:57:27] [build-stdout] Could not guess Python version, will use default: Python 3
[2026-02-17 15:57:27] [build-stdout] Calling python3 -S /home/s-samadi/.local/share/codeql/python/tools/python_tracer.py --verbosity 3 -z all -c /home/s-samadi/repos/github/quick-api-publish-demo/codeql-db/working/trap_cache -R /home/s-samadi/repos/github/quick-api-publish-demo
[2026-02-17 15:57:27] [build-stdout] INFO: The Python extractor has recently stopped extracting the standard library by default. If you encounter problems, please let us know by submitting an issue to https://github.com/github/codeql. It is possible to re-enable extraction of the standard library by setting the environment variable CODEQL_EXTRACTOR_PYTHON_EXTRACT_STDLIB.
[2026-02-17 15:57:27] [build-stdout] [INFO] Extraction will use the Python 3 standard library.
[2026-02-17 15:57:27] [build-stdout] [INFO] sys_path is: ['/home/s-samadi/.local/share/codeql/python/tools', '/usr/lib/python312.zip', '/usr/lib/python3.12', '/usr/lib/python3.12/lib-dynload']
[2026-02-17 15:57:27] [build-stdout] [INFO] Python version 3.12.3
[2026-02-17 15:57:27] [build-stdout] [INFO] Python extractor version 7.1.6
[2026-02-17 15:57:27] [build-stdout] [INFO] [3] Extracted file /home/s-samadi/repos/github/quick-api-publish-demo/app/__init__.py in 6ms
[2026-02-17 15:57:27] [build-stdout] [INFO] [6] Extracted folder /home/s-samadi/repos/github/quick-api-publish-demo/app in 1ms
[2026-02-17 15:57:27] [build-stdout] [INFO] [7] Extracted folder /home/s-samadi/repos/github/quick-api-publish-demo/quickapi in 2ms
[2026-02-17 15:57:27] [build-stdout] [INFO] [8] Extracted file /home/s-samadi/repos/github/quick-api-publish-demo/quickapi/__init__.py in 16ms
[2026-02-17 15:57:27] [build-stdout] [INFO] [7] Extracted file /home/s-samadi/repos/github/quick-api-publish-demo/setup.py in 10ms
[2026-02-17 15:57:27] [build-stdout] [INFO] [3] Extracted file /home/s-samadi/repos/github/quick-api-publish-demo/quickapi/response.py in 30ms
[2026-02-17 15:57:27] [build-stdout] [INFO] [17] Skipped built-in file /usr/lib/python3.12/typing.py
[2026-02-17 15:57:27] [build-stdout] [INFO] [2] Skipped built-in file /usr/lib/python3.12/json/__init__.py
[2026-02-17 15:57:27] [build-stdout] [INFO] [8] Extracted folder /usr/lib/python3.12/json in 2ms
[2026-02-17 15:57:27] [build-stdout] [INFO] [5] Extracted file /home/s-samadi/repos/github/quick-api-publish-demo/app/main.py in 39ms
[2026-02-17 15:57:27] [build-stdout] [INFO] [6] Extracted file /home/s-samadi/repos/github/quick-api-publish-demo/quickapi/templating.py in 39ms
[2026-02-17 15:57:27] [build-stdout] [INFO] [22] Skipped built-in file /usr/lib/python3.12/os.py
[2026-02-17 15:57:27] [build-stdout] [INFO] [4] Extracted file /home/s-samadi/repos/github/quick-api-publish-demo/quickapi/app.py in 45ms
[2026-02-17 15:57:27] [build-stdout] [INFO] [12] Extracted file /home/s-samadi/repos/github/quick-api-publish-demo/quickapi/request.py in 47ms
[2026-02-17 15:57:27] [build-stdout] [INFO] [21] Extracted file /home/s-samadi/repos/github/quick-api-publish-demo/quickapi/security.py in 46ms
[2026-02-17 15:57:27] [build-stdout] [INFO] [7] Skipped built-in file /usr/lib/python3.12/hmac.py
[2026-02-17 15:57:27] [build-stdout] [INFO] [15] Skipped built-in file /usr/lib/python3.12/hashlib.py
[2026-02-17 15:57:27] [build-stdout] [INFO] [18] Skipped built-in file /usr/lib/python3.12/subprocess.py
[2026-02-17 15:57:27] [build-stdout] [INFO] [14] Extracted file /home/s-samadi/repos/github/quick-api-publish-demo/quickapi/utils.py in 54ms
[2026-02-17 15:57:27] [build-stdout] [INFO] [20] Skipped built-in file /usr/lib/python3.12/copy.py
[2026-02-17 15:57:27] [build-stdout] [INFO] [10] Extracted file /home/s-samadi/repos/github/quick-api-publish-demo/quickapi/database.py in 55ms
[2026-02-17 15:57:27] [build-stdout] [INFO] [13] Skipped built-in file /usr/lib/python3.12/sqlite3/__init__.py
[2026-02-17 15:57:27] [build-stdout] [INFO] [9] Extracted folder /usr/lib/python3.12/sqlite3 in 2ms
[2026-02-17 15:57:28] [build-stdout] [INFO] [1] Extracted file /home/s-samadi/repos/github/quick-api-publish-demo/app/views.py in 70ms
[2026-02-17 15:57:28] [build-stdout] [INFO] Processed 24 modules in 0.18s
[2026-02-17 15:57:28] Plumbing command codeql database trace-command completed.
[2026-02-17 15:57:28] [PROGRESS] database create> Finalizing database at /home/s-samadi/repos/github/quick-api-publish-demo/codeql-db.
[2026-02-17 15:57:28] Running plumbing command: codeql database finalize --no-db-cluster -- /home/s-samadi/repos/github/quick-api-publish-demo/codeql-db
[2026-02-17 15:57:28] Using pre-finalize script /home/s-samadi/.local/share/codeql/python/tools/pre-finalize.sh.
[2026-02-17 15:57:28] [PROGRESS] database finalize> Running pre-finalize script /home/s-samadi/.local/share/codeql/python/tools/pre-finalize.sh in /home/s-samadi/repos/github/quick-api-publish-demo.
[2026-02-17 15:57:28] Running plumbing command: codeql database trace-command --working-dir=/home/s-samadi/repos/github/quick-api-publish-demo --no-tracing -- /home/s-samadi/repos/github/quick-api-publish-demo/codeql-db /home/s-samadi/.local/share/codeql/python/tools/pre-finalize.sh
[2026-02-17 15:57:28] [PROGRESS] database trace-command> Running command in /home/s-samadi/repos/github/quick-api-publish-demo: [/home/s-samadi/.local/share/codeql/python/tools/pre-finalize.sh]
[2026-02-17 15:57:28] [build-stderr] Scanning for files in /home/s-samadi/repos/github/quick-api-publish-demo...
[2026-02-17 15:57:28] [build-stderr] /home/s-samadi/repos/github/quick-api-publish-demo/codeql-db: Indexing files in in /home/s-samadi/repos/github/quick-api-publish-demo...
[2026-02-17 15:57:28] [build-stderr] Running command in /home/s-samadi/repos/github/quick-api-publish-demo: [/home/s-samadi/.local/share/codeql/yaml/tools/index-files.sh, /home/s-samadi/repos/github/quick-api-publish-demo/codeql-db/working/files-to-index761039743760543336.list]
[2026-02-17 15:57:29] Plumbing command codeql database trace-command completed.
[2026-02-17 15:57:29] [PROGRESS] database finalize> Pre-finalize script /home/s-samadi/.local/share/codeql/python/tools/pre-finalize.sh completed in 974 ms.
[2026-02-17 15:57:29] [PROGRESS] database finalize> Running TRAP import for CodeQL database at /home/s-samadi/repos/github/quick-api-publish-demo/codeql-db...
[2026-02-17 15:57:29] Running plumbing command: codeql dataset import --dbscheme=/home/s-samadi/.local/share/codeql/python/semmlecode.python.dbscheme -- /home/s-samadi/repos/github/quick-api-publish-demo/codeql-db/db-python /home/s-samadi/repos/github/quick-api-publish-demo/codeql-db/trap/python
[2026-02-17 15:57:29] Clearing disk cache since the version file /home/s-samadi/repos/github/quick-api-publish-demo/codeql-db/db-python/default/cache/version does not exist
[2026-02-17 15:57:29] Tuple pool not found. Clearing relations with cached strings
[2026-02-17 15:57:29] Trimming disk cache at /home/s-samadi/repos/github/quick-api-publish-demo/codeql-db/db-python/default/cache in mode clear.
[2026-02-17 15:57:29] Sequence stamp origin is -5946192172325121255
[2026-02-17 15:57:29] Pausing evaluation to hard-clear memory at sequence stamp o+0
[2026-02-17 15:57:29] Unpausing evaluation
[2026-02-17 15:57:29] Pausing evaluation to quickly trim disk at sequence stamp o+1
[2026-02-17 15:57:29] Unpausing evaluation
[2026-02-17 15:57:29] Pausing evaluation to zealously trim disk at sequence stamp o+2
[2026-02-17 15:57:29] Unpausing evaluation
[2026-02-17 15:57:29] Trimming completed (4ms): Purged everything.
[2026-02-17 15:57:29] Scanning for files in /home/s-samadi/repos/github/quick-api-publish-demo/codeql-db/trap/python
[2026-02-17 15:57:29] Found 33 TRAP files (658.45 KiB)
[2026-02-17 15:57:29] [PROGRESS] dataset import> Importing TRAP files
[2026-02-17 15:57:29] Importing $files.47IoPnMVV3_F-4XcsbvkTSFsK5M=.trap.gz (1 of 33)
[2026-02-17 15:57:29] Importing $files.7-rovnWRo26to3l4H8g3W8hefFM=.trap.gz (2 of 33)
[2026-02-17 15:57:29] Importing $files.7FVMMnH0UNjU1q5zshfdxb3IkHs=.trap.gz (3 of 33)
[2026-02-17 15:57:29] Importing $files.BpRhvmcno5ooKtDpfc4d9LCrbW0=.trap.gz (4 of 33)
[2026-02-17 15:57:29] Importing $files.HAqCgdoeeANlQmWEb4yFmGPw1dw=.trap.gz (5 of 33)
[2026-02-17 15:57:29] Importing $files.JMPMwTT-hNwISBeXlSFYPFOrW6A=.trap.gz (6 of 33)
[2026-02-17 15:57:29] Importing $files.Rzyh8Zjhdr9J9m7-KBPhtwgja_Y=.trap.gz (7 of 33)
[2026-02-17 15:57:29] Importing $files.SmdHkMMTB7RNW9mpFDydkUWqMWA=.trap.gz (8 of 33)
[2026-02-17 15:57:29] Importing $files.o7TGn65_4OZgqB2SXvOAs2nEEiU=.trap.gz (9 of 33)
[2026-02-17 15:57:29] Importing $files.t_v_00n4gvQsWcfIPwdNkFCsqMQ=.trap.gz (10 of 33)
[2026-02-17 15:57:29] Importing $files.zxbcchSeunJfODHcm2t5A9AirxU=.trap.gz (11 of 33)
[2026-02-17 15:57:29] Importing $flags._d1Wx71ZIrzbvg0ck0LFA17y1GE=.trap.gz (12 of 33)
[2026-02-17 15:57:29] Importing $interpreter3.UMWayNzxDumN3mkFb0_CUfyI5zw=.trap.gz (13 of 33)
[2026-02-17 15:57:29] Importing $stdlib_33.cvo99-ZTo9yQwPn3fsMrANzu6Cg=.trap (14 of 33)
[2026-02-17 15:57:29] Importing __init__.py.nO17jh6VW0z6zot-v0ZH7ZYB27I=.trap.gz (15 of 33)
[2026-02-17 15:57:29] Importing __init__.py.ztKG8zYuAi10RvjL9BA8gog77qk=.trap.gz (16 of 33)
[2026-02-17 15:57:29] Importing app.py.VAlga9j94feXNXPL1WA-NEYIHYI=.trap.gz (17 of 33)
[2026-02-17 15:57:29] Importing app.wHXnzCabO4KmanWSVrmWhxJZBb4=.trap.gz (18 of 33)
[2026-02-17 15:57:29] Importing database.py._4TgMrYGkKzc8tgL0_Xb_5PuK68=.trap.gz (19 of 33)
[2026-02-17 15:57:29] Importing publish-codeql-pack.yml.trap.gz (20 of 33)
[2026-02-17 15:57:29] Importing codeql-database.yml.trap.gz (21 of 33)
[2026-02-17 15:57:29] Importing json._eyrnD0F41RSKn4udjv-sH5gSNE=.trap.gz (22 of 33)
[2026-02-17 15:57:29] Importing main.py.fbJkrpNbcxwE01bWOqIGcsAq6AA=.trap.gz (23 of 33)
[2026-02-17 15:57:29] Importing metadata.trap.gz (24 of 33)
[2026-02-17 15:57:29] Importing quickapi.vWxGUYVSDoWN_anXpK0SDiFLnyA=.trap.gz (25 of 33)
[2026-02-17 15:57:29] Importing request.py.EaLUMmnYsqFaX9D8N57nQ1GYiwE=.trap.gz (26 of 33)
[2026-02-17 15:57:29] Importing response.py.0wI1zJM4VHpRhgOdu4VUUNEWV8s=.trap.gz (27 of 33)
[2026-02-17 15:57:29] Importing security.py.-a3UhRCs80NxEjtDe7LFLu3ruVs=.trap.gz (28 of 33)
[2026-02-17 15:57:29] Importing setup.py.KdC5TiioWoY2BWGmstXVyBy2FYc=.trap.gz (29 of 33)
[2026-02-17 15:57:29] Importing sqlite3.as3xtLp4oFARZ5g5vltOc0gdUaE=.trap.gz (30 of 33)
[2026-02-17 15:57:29] Importing templating.py.bvPcyPVlIEuoPn-b41bOt0kO6aI=.trap.gz (31 of 33)
[2026-02-17 15:57:29] Importing utils.py.h4kkbT0edjjL9KCH4yx_76a8Zp4=.trap.gz (32 of 33)
[2026-02-17 15:57:29] Importing views.py.FBOCytuXHiHmMcRVZD1BBv2YkFg=.trap.gz (33 of 33)
[2026-02-17 15:57:29] [PROGRESS] dataset import> Merging relations
[2026-02-17 15:57:29] Merging 1 fragment for 'files'.
[2026-02-17 15:57:29] Merged 56 bytes for 'files'.
[2026-02-17 15:57:29] Merging 1 fragment for 'folders'.
[2026-02-17 15:57:29] Merged 62 bytes for 'folders'.
[2026-02-17 15:57:29] Merging 1 fragment for 'containerparent'.
[2026-02-17 15:57:29] Merged 87 bytes for 'containerparent'.
[2026-02-17 15:57:29] Merging 1 fragment for 'py_flags_versioned'.
[2026-02-17 15:57:29] Merged 182 bytes for 'py_flags_versioned'.
[2026-02-17 15:57:29] Merging 1 fragment for 'py_cobjects'.
[2026-02-17 15:57:29] Merged 4900 bytes (4.79 KiB) for 'py_cobjects'.
[2026-02-17 15:57:29] Merging 1 fragment for 'py_cobjecttypes'.
[2026-02-17 15:57:29] Merged 5738 bytes (5.60 KiB) for 'py_cobjecttypes'.
[2026-02-17 15:57:29] Merging 1 fragment for 'py_cobject_sources'.
[2026-02-17 15:57:29] Merged 7074 bytes (6.91 KiB) for 'py_cobject_sources'.
[2026-02-17 15:57:29] Merging 1 fragment for 'py_cobjectnames'.
[2026-02-17 15:57:29] Merged 6578 bytes (6.42 KiB) for 'py_cobjectnames'.
[2026-02-17 15:57:29] Merging 1 fragment for 'py_cmembers_versioned'.
[2026-02-17 15:57:29] Merged 6631 bytes (6.48 KiB) for 'py_cmembers_versioned'.
[2026-02-17 15:57:29] Merging 1 fragment for 'py_special_objects'.
[2026-02-17 15:57:29] Merged 136 bytes for 'py_special_objects'.
[2026-02-17 15:57:29] Merging 1 fragment for 'py_citems'.
[2026-02-17 15:57:29] Merged 502 bytes for 'py_citems'.
[2026-02-17 15:57:29] Merging 1 fragment for 'ext_rettype'.
[2026-02-17 15:57:29] Merged 4038 bytes (3.94 KiB) for 'ext_rettype'.
[2026-02-17 15:57:29] Merging 1 fragment for 'ext_argtype'.
[2026-02-17 15:57:29] Merged 6820 bytes (6.66 KiB) for 'ext_argtype'.
[2026-02-17 15:57:29] Merging 1 fragment for 'ext_argreturn'.
[2026-02-17 15:57:29] Merged 41 bytes for 'ext_argreturn'.
[2026-02-17 15:57:29] Merging 1 fragment for 'ext_proptype'.
[2026-02-17 15:57:29] Merged 343 bytes for 'ext_proptype'.
[2026-02-17 15:57:29] Merging 1 fragment for 'py_Modules'.
[2026-02-17 15:57:29] Merged 34 bytes for 'py_Modules'.
[2026-02-17 15:57:29] Merging 1 fragment for 'py_module_path'.
[2026-02-17 15:57:29] Merged 63 bytes for 'py_module_path'.
[2026-02-17 15:57:29] Merging 1 fragment for 'variable'.
[2026-02-17 15:57:29] Merged 2029 bytes (1.98 KiB) for 'variable'.
[2026-02-17 15:57:29] Merging 1 fragment for 'py_extracted_version'.
[2026-02-17 15:57:29] Merged 41 bytes for 'py_extracted_version'.
[2026-02-17 15:57:29] Merging 1 fragment for 'py_stmt_lists'.
[2026-02-17 15:57:29] Merged 487 bytes for 'py_stmt_lists'.
[2026-02-17 15:57:29] Merging 1 fragment for 'py_stmts'.
[2026-02-17 15:57:29] Merged 1916 bytes (1.87 KiB) for 'py_stmts'.
[2026-02-17 15:57:29] Merging 1 fragment for 'py_scopes'.
[2026-02-17 15:57:29] Merged 3265 bytes (3.19 KiB) for 'py_scopes'.
[2026-02-17 15:57:29] Merging 1 fragment for 'py_exprs'.
[2026-02-17 15:57:29] Merged 8334 bytes (8.14 KiB) for 'py_exprs'.
[2026-02-17 15:57:29] Merging 1 fragment for 'py_strs'.
[2026-02-17 15:57:29] Merged 2815 bytes (2.75 KiB) for 'py_strs'.
[2026-02-17 15:57:29] Merging 1 fragment for 'py_alias_lists'.
[2026-02-17 15:57:29] Merged 133 bytes for 'py_alias_lists'.
[2026-02-17 15:57:29] Merging 1 fragment for 'py_aliases'.
[2026-02-17 15:57:29] Merged 274 bytes for 'py_aliases'.
[2026-02-17 15:57:29] Merging 1 fragment for 'py_ints'.
[2026-02-17 15:57:29] Merged 112 bytes for 'py_ints'.
[2026-02-17 15:57:29] Merging 1 fragment for 'py_variables'.
[2026-02-17 15:57:29] Merged 2234 bytes (2.18 KiB) for 'py_variables'.
[2026-02-17 15:57:29] Merging 1 fragment for 'py_expr_contexts'.
[2026-02-17 15:57:29] Merged 3653 bytes (3.57 KiB) for 'py_expr_contexts'.
[2026-02-17 15:57:29] Merging 1 fragment for 'py_expr_lists'.
[2026-02-17 15:57:29] Merged 1769 bytes (1.73 KiB) for 'py_expr_lists'.
[2026-02-17 15:57:29] Merging 1 fragment for 'py_exports'.
[2026-02-17 15:57:29] Merged 103 bytes for 'py_exports'.
[2026-02-17 15:57:29] Merging 1 fragment for 'py_flow_bb_node'.
[2026-02-17 15:57:29] Merged 7699 bytes (7.52 KiB) for 'py_flow_bb_node'.
[2026-02-17 15:57:29] Merging 1 fragment for 'py_scope_flow'.
[2026-02-17 15:57:29] Merged 1451 bytes (1.42 KiB) for 'py_scope_flow'.
[2026-02-17 15:57:29] Merging 1 fragment for 'py_successors'.
[2026-02-17 15:57:29] Merged 4526 bytes (4.42 KiB) for 'py_successors'.
[2026-02-17 15:57:29] Merging 1 fragment for 'py_idoms'.
[2026-02-17 15:57:29] Merged 4426 bytes (4.32 KiB) for 'py_idoms'.
[2026-02-17 15:57:29] Merging 1 fragment for 'py_ssa_var'.
[2026-02-17 15:57:29] Merged 891 bytes for 'py_ssa_var'.
[2026-02-17 15:57:29] Merging 1 fragment for 'py_ssa_defn'.
[2026-02-17 15:57:29] Merged 832 bytes for 'py_ssa_defn'.
[2026-02-17 15:57:29] Merging 1 fragment for 'py_ssa_use'.
[2026-02-17 15:57:29] Merged 953 bytes for 'py_ssa_use'.
[2026-02-17 15:57:29] Merging 1 fragment for 'locations_ast'.
[2026-02-17 15:57:29] Merged 11707 bytes (11.43 KiB) for 'locations_ast'.
[2026-02-17 15:57:29] Merging 1 fragment for 'py_scope_location'.
[2026-02-17 15:57:29] Merged 317 bytes for 'py_scope_location'.
[2026-02-17 15:57:29] Merging 1 fragment for 'py_codelines'.
[2026-02-17 15:57:29] Merged 254 bytes for 'py_codelines'.
[2026-02-17 15:57:29] Merging 1 fragment for 'py_commentlines'.
[2026-02-17 15:57:29] Merged 175 bytes for 'py_commentlines'.
[2026-02-17 15:57:29] Merging 1 fragment for 'py_docstringlines'.
[2026-02-17 15:57:29] Merged 243 bytes for 'py_docstringlines'.
[2026-02-17 15:57:29] Merging 1 fragment for 'py_alllines'.
[2026-02-17 15:57:29] Merged 262 bytes for 'py_alllines'.
[2026-02-17 15:57:29] Merging 1 fragment for 'numlines'.
[2026-02-17 15:57:29] Merged 94 bytes for 'numlines'.
[2026-02-17 15:57:29] Merging 1 fragment for 'py_locations'.
[2026-02-17 15:57:29] Merged 4961 bytes (4.84 KiB) for 'py_locations'.
[2026-02-17 15:57:29] Merging 1 fragment for 'py_bools'.
[2026-02-17 15:57:29] Merged 55 bytes for 'py_bools'.
[2026-02-17 15:57:29] Merging 1 fragment for 'py_Classes'.
[2026-02-17 15:57:29] Merged 79 bytes for 'py_Classes'.
[2026-02-17 15:57:29] Merging 1 fragment for 'py_arguments'.
[2026-02-17 15:57:29] Merged 227 bytes for 'py_arguments'.
[2026-02-17 15:57:29] Merging 1 fragment for 'py_Functions'.
[2026-02-17 15:57:29] Merged 230 bytes for 'py_Functions'.
[2026-02-17 15:57:29] Merging 1 fragment for 'py_parameter_lists'.
[2026-02-17 15:57:29] Merged 228 bytes for 'py_parameter_lists'.
[2026-02-17 15:57:29] Merging 1 fragment for 'py_cmpop_lists'.
[2026-02-17 15:57:29] Merged 45 bytes for 'py_cmpop_lists'.
[2026-02-17 15:57:29] Merging 1 fragment for 'py_cmpops'.
[2026-02-17 15:57:29] Merged 67 bytes for 'py_cmpops'.
[2026-02-17 15:57:29] Merging 1 fragment for 'py_dict_item_lists'.
[2026-02-17 15:57:29] Merged 117 bytes for 'py_dict_item_lists'.
[2026-02-17 15:57:29] Merging 1 fragment for 'py_dict_items'.
[2026-02-17 15:57:29] Merged 228 bytes for 'py_dict_items'.
[2026-02-17 15:57:29] Merging 1 fragment for 'py_numbers'.
[2026-02-17 15:57:29] Merged 153 bytes for 'py_numbers'.
[2026-02-17 15:57:29] Merging 1 fragment for 'py_true_successors'.
[2026-02-17 15:57:29] Merged 93 bytes for 'py_true_successors'.
[2026-02-17 15:57:29] Merging 1 fragment for 'py_false_successors'.
[2026-02-17 15:57:29] Merged 93 bytes for 'py_false_successors'.
[2026-02-17 15:57:29] Merging 1 fragment for 'py_unaryops'.
[2026-02-17 15:57:29] Merged 51 bytes for 'py_unaryops'.
[2026-02-17 15:57:29] Merging 1 fragment for 'py_boolops'.
[2026-02-17 15:57:29] Merged 55 bytes for 'py_boolops'.
[2026-02-17 15:57:29] Merging 1 fragment for 'py_operators'.
[2026-02-17 15:57:29] Merged 63 bytes for 'py_operators'.
[2026-02-17 15:57:29] Merging 1 fragment for 'py_ssa_phi'.
[2026-02-17 15:57:29] Merged 53 bytes for 'py_ssa_phi'.
[2026-02-17 15:57:29] Merging 1 fragment for 'py_comments'.
[2026-02-17 15:57:29] Merged 161 bytes for 'py_comments'.
[2026-02-17 15:57:29] Merging 1 fragment for 'yaml_scalars'.
[2026-02-17 15:57:29] Merged 264 bytes for 'yaml_scalars'.
[2026-02-17 15:57:29] Merging 1 fragment for 'yaml'.
[2026-02-17 15:57:29] Merged 843 bytes for 'yaml'.
[2026-02-17 15:57:29] Merging 1 fragment for 'locations_default'.
[2026-02-17 15:57:29] Merged 753 bytes for 'locations_default'.
[2026-02-17 15:57:29] Merging 1 fragment for 'yaml_locations'.
[2026-02-17 15:57:29] Merged 279 bytes for 'yaml_locations'.
[2026-02-17 15:57:29] Merging 1 fragment for 'sourceLocationPrefix'.
[2026-02-17 15:57:29] Merged 17 bytes for 'sourceLocationPrefix'.
[2026-02-17 15:57:29] Merging 1 fragment for 'py_exception_successors'.
[2026-02-17 15:57:29] Merged 42 bytes for 'py_exception_successors'.
[2026-02-17 15:57:29] Saving string and id pools to disk.
[2026-02-17 15:57:29] Finished importing TRAP files.
[2026-02-17 15:57:29] Read 1.95 MiB of uncompressed TRAP data.
[2026-02-17 15:57:29] Uncompressed relation data size: 479.35 KiB
[2026-02-17 15:57:29] Relation data size: 110.78 KiB (merge rate: 1.21 MiB/s)
[2026-02-17 15:57:29] String pool size: 2.08 MiB
[2026-02-17 15:57:29] ID pool size: 1.09 MiB
[2026-02-17 15:57:29] [PROGRESS] dataset import> Finished writing database (relations: 110.78 KiB; string pool: 2.08 MiB).
[2026-02-17 15:57:29] Pausing evaluation to close the cache at sequence stamp o+141
[2026-02-17 15:57:29] The disk cache is freshly trimmed; leave it be.
[2026-02-17 15:57:29] Unpausing evaluation
[2026-02-17 15:57:29] Plumbing command codeql dataset import completed.
[2026-02-17 15:57:29] [PROGRESS] database finalize> TRAP import complete (697ms).
[2026-02-17 15:57:29] Running plumbing command: codeql database cleanup -- /home/s-samadi/repos/github/quick-api-publish-demo/codeql-db
[2026-02-17 15:57:29] [PROGRESS] database cleanup> Cleaning up existing TRAP files after import...
[2026-02-17 15:57:29] [PROGRESS] database cleanup> TRAP files cleaned up (2ms).
[2026-02-17 15:57:29] [PROGRESS] database cleanup> Cleaning up scratch directory...
[2026-02-17 15:57:29] [PROGRESS] database cleanup> Scratch directory cleaned up (1ms).
[2026-02-17 15:57:29] Running plumbing command: codeql dataset cleanup -- /home/s-samadi/repos/github/quick-api-publish-demo/codeql-db/db-python
[2026-02-17 15:57:29] [PROGRESS] dataset cleanup> Cleaning up dataset in /home/s-samadi/repos/github/quick-api-publish-demo/codeql-db/db-python.
[2026-02-17 15:57:29] Trimming disk cache at /home/s-samadi/repos/github/quick-api-publish-demo/codeql-db/db-python/default/cache in mode trim.
[2026-02-17 15:57:29] Sequence stamp origin is -5946192169743495724
[2026-02-17 15:57:29] Pausing evaluation to quickly trim memory at sequence stamp o+0
[2026-02-17 15:57:29] Unpausing evaluation
[2026-02-17 15:57:29] Pausing evaluation to zealously trim disk at sequence stamp o+1
[2026-02-17 15:57:29] Unpausing evaluation
[2026-02-17 15:57:29] Trimming completed (2ms): Trimmed disposable data from cache.
[2026-02-17 15:57:29] Pausing evaluation to close the cache at sequence stamp o+2
[2026-02-17 15:57:29] The disk cache is freshly trimmed; leave it be.
[2026-02-17 15:57:29] Unpausing evaluation
[2026-02-17 15:57:29] [PROGRESS] dataset cleanup> Trimmed disposable data from cache.
[2026-02-17 15:57:29] [PROGRESS] dataset cleanup> Finalizing dataset in /home/s-samadi/repos/github/quick-api-publish-demo/codeql-db/db-python
[2026-02-17 15:57:29] [DETAILS] dataset cleanup> Finished deleting ID pool from /home/s-samadi/repos/github/quick-api-publish-demo/codeql-db/db-python (1ms).
[2026-02-17 15:57:29] Plumbing command codeql dataset cleanup completed.
[2026-02-17 15:57:29] Plumbing command codeql database cleanup completed with status 0.
[2026-02-17 15:57:29] [PROGRESS] database finalize> Finished zipping source archive (13.80 KiB).
[2026-02-17 15:57:29] Plumbing command codeql database finalize completed.
[2026-02-17 15:57:29] [PROGRESS] database create> Successfully created database at /home/s-samadi/repos/github/quick-api-publish-demo/codeql-db.
[2026-02-17 15:57:29] Terminating normally.
